Command line:
   nPC_TB_isim_beh.exe
     -simmode  gui
     -simrunnum  0
     -socket  49895

Thu Apr 13 00:10:09 2017


 Elaboration Time: 0.0936 sec

 Current Memory Usage: 663.319 Meg

 Total Signals          : 8
 Total Nets             : 66
 Total Signal Drivers   : 4
 Total Blocks           : 3
 Total Primitive Blocks : 2
 Total Processes        : 3
 Total Traceable Variables  : 9
 Total Scalar Nets and Variables : 427
Total Line Count : 18

 Total Simulation Time: 0.140401 sec

 Current Memory Usage: 977.891 Meg

Thu Apr 13 00:10:39 2017

