Command line:
   Mux_TB_isim_beh.exe
     -simmode  gui
     -simrunnum  0
     -socket  49838

Wed Apr 12 23:52:13 2017


 Elaboration Time: 0.109201 sec

 Current Memory Usage: 663.319 Meg

 Total Signals          : 8
 Total Nets             : 97
 Total Signal Drivers   : 4
 Total Blocks           : 3
 Total Primitive Blocks : 2
 Total Processes        : 2
 Total Traceable Variables  : 8
 Total Scalar Nets and Variables : 457
Total Line Count : 8

 Total Simulation Time: 0.171602 sec

 Current Memory Usage: 977.891 Meg

Wed Apr 12 23:53:09 2017

