Command line:
   Procesador2_TB_isim_beh.exe
     -simmode  gui
     -simrunnum  0
     -socket  56965

Thu Apr 20 19:13:34 2017


 Elaboration Time: 0.249602 sec

 Current Memory Usage: 1799.43 Meg

 Total Signals          : 53
 Total Nets             : 2664
 Total Signal Drivers   : 14
 Total Blocks           : 15
 Total Primitive Blocks : 13
 Total Processes        : 12
 Total Traceable Variables  : 11
 Total Scalar Nets and Variables : 3043
Total Line Count : 59

 Total Simulation Time: 0.296402 sec

 Current Memory Usage: 1799.43 Meg

Thu Apr 20 19:13:58 2017

