Command line:
   ALU_TB_isim_beh.exe
     -simmode  gui
     -simrunnum  0
     -socket  49831

Wed Apr 12 23:47:54 2017


 Elaboration Time: 0.1092 sec

 Current Memory Usage: 663.417 Meg

 Total Signals          : 8
 Total Nets             : 102
 Total Signal Drivers   : 4
 Total Blocks           : 5
 Total Primitive Blocks : 4
 Total Processes        : 2
 Total Traceable Variables  : 10
 Total Scalar Nets and Variables : 480
Total Line Count : 14

 Total Simulation Time: 0.1248 sec

 Current Memory Usage: 977.99 Meg

Wed Apr 12 23:48:29 2017

