Command line:
   RegisterFile_TB_isim_beh.exe
     -simmode  gui
     -simrunnum  0
     -socket  49848

Wed Apr 12 23:58:18 2017


 Elaboration Time: 0.093601 sec

 Current Memory Usage: 663.417 Meg

 Total Signals          : 15
 Total Nets             : 1392
 Total Signal Drivers   : 8
 Total Blocks           : 5
 Total Primitive Blocks : 4
 Total Processes        : 2
 Total Traceable Variables  : 10
 Total Scalar Nets and Variables : 1770
Total Line Count : 22

 Total Simulation Time: 0.156002 sec

 Current Memory Usage: 977.99 Meg

Wed Apr 12 23:58:57 2017

