Command line:
   Sumador_TB_isim_beh.exe
     -simmode  gui
     -simrunnum  0
     -socket  49861

Thu Apr 13 00:04:13 2017


 Elaboration Time: 0.109201 sec

 Current Memory Usage: 663.417 Meg

 Total Signals          : 6
 Total Nets             : 96
 Total Signal Drivers   : 3
 Total Blocks           : 5
 Total Primitive Blocks : 4
 Total Processes        : 2
 Total Traceable Variables  : 10
 Total Scalar Nets and Variables : 474
Total Line Count : 10

 Total Simulation Time: 0.109201 sec

 Current Memory Usage: 977.99 Meg

Thu Apr 13 00:04:50 2017

