Command line:
   tbffd_isim_beh.exe
     -simmode  gui
     -simrunnum  1
     -socket  60508

Fri Mar 31 13:15:51 2017


 Elaboration Time: 0.03125 sec

 Current Memory Usage: 842.052 Meg

 Total Signals          : 8
 Total Nets             : 4
 Total Signal Drivers   : 2
 Total Blocks           : 5
 Total Primitive Blocks : 4
 Total Processes        : 3
 Total Traceable Variables  : 11
 Total Scalar Nets and Variables : 383
Total Line Count : 11

 Total Simulation Time: 0.046875 sec

 Current Memory Usage: 842.052 Meg

Fri Mar 31 13:16:04 2017

