Command line:
   PC_TB_isim_beh.exe
     -simmode  gui
     -simrunnum  0
     -socket  49843

Wed Apr 12 23:54:57 2017


 Elaboration Time: 0.1092 sec

 Current Memory Usage: 663.319 Meg

 Total Signals          : 8
 Total Nets             : 66
 Total Signal Drivers   : 4
 Total Blocks           : 3
 Total Primitive Blocks : 2
 Total Processes        : 3
 Total Traceable Variables  : 9
 Total Scalar Nets and Variables : 427
Total Line Count : 13

 Total Simulation Time: 0.1248 sec

 Current Memory Usage: 977.891 Meg

Wed Apr 12 23:55:39 2017

