Release 14.7 - xst P.20131013 (nt64)
Copyright (c) 1995-2013 Xilinx, Inc.  All rights reserved.
--> Parameter TMPDIR set to xst/projnav.tmp


Total REAL time to Xst completion: 0.00 secs
Total CPU time to Xst completion: 0.17 secs
 
--> Parameter xsthdpdir set to xst


Total REAL time to Xst completion: 0.00 secs
Total CPU time to Xst completion: 0.17 secs
 
--> Reading design: ALU.prj

TABLE OF CONTENTS
  1) Synthesis Options Summary
  2) HDL Compilation
  3) Design Hierarchy Analysis
  4) HDL Analysis
  5) HDL Synthesis
     5.1) HDL Synthesis Report
  6) Advanced HDL Synthesis
     6.1) Advanced HDL Synthesis Report
  7) Low Level Synthesis
  8) Partition Report
  9) Final Report
	9.1) Device utilization summary
	9.2) Partition Resource Summary
	9.3) TIMING REPORT


=========================================================================
*                      Synthesis Options Summary                        *
=========================================================================
---- Source Parameters
Input File Name                    : "ALU.prj"
Input Format                       : mixed
Ignore Synthesis Constraint File   : NO

---- Target Parameters
Output File Name                   : "ALU"
Output Format                      : NGC
Target Device                      : xc3s100e-4-vq100

---- Source Options
Top Module Name                    : ALU
Automatic FSM Extraction           : YES
FSM Encoding Algorithm             : Auto
Safe Implementation                : No
FSM Style                          : LUT
RAM Extraction                     : Yes
RAM Style                          : Auto
ROM Extraction                     : Yes
Mux Style                          : Auto
Decoder Extraction                 : YES
Priority Encoder Extraction        : Yes
Shift Register Extraction          : YES
Logical Shifter Extraction         : YES
XOR Collapsing                     : YES
ROM Style                          : Auto
Mux Extraction                     : Yes
Resource Sharing                   : YES
Asynchronous To Synchronous        : NO
Multiplier Style                   : Auto
Automatic Register Balancing       : No

---- Target Options
Add IO Buffers                     : YES
Global Maximum Fanout              : 100000
Add Generic Clock Buffer(BUFG)     : 24
Register Duplication               : YES
Slice Packing                      : YES
Optimize Instantiated Primitives   : NO
Use Clock Enable                   : Yes
Use Synchronous Set                : Yes
Use Synchronous Reset              : Yes
Pack IO Registers into IOBs        : Auto
Equivalent register Removal        : YES

---- General Options
Optimization Goal                  : Speed
Optimization Effort                : 1
Keep Hierarchy                     : No
Netlist Hierarchy                  : As_Optimized
RTL Output                         : Yes
Global Optimization                : AllClockNets
Read Cores                         : YES
Write Timing Constraints           : NO
Cross Clock Analysis               : NO
Hierarchy Separator                : /
Bus Delimiter                      : <>
Case Specifier                     : Maintain
Slice Utilization Ratio            : 100
BRAM Utilization Ratio             : 100
Verilog 2001                       : YES
Auto BRAM Packing                  : NO
Slice Utilization Ratio Delta      : 5

=========================================================================


=========================================================================
*                          HDL Compilation                              *
=========================================================================
WARNING:HDLParsers:3607 - Unit work/ALU is now defined in a different file.  It was defined in "G:/Arquitectura Computadores/sparcv8/ALU.vhd", and is now defined in "E:/Arquitectura Computadores/sparcv8/ALU.vhd".
WARNING:HDLParsers:3607 - Unit work/ALU/ArqAlu is now defined in a different file.  It was defined in "G:/Arquitectura Computadores/sparcv8/ALU.vhd", and is now defined in "E:/Arquitectura Computadores/sparcv8/ALU.vhd".
Compiling vhdl file "E:/Arquitectura Computadores/sparcv8/ALU.vhd" in Library work.
Architecture arqalu of Entity alu is up to date.

=========================================================================
*                     Design Hierarchy Analysis                         *
=========================================================================
Analyzing hierarchy for entity <ALU> in library <work> (architecture <arqalu>).


=========================================================================
*                            HDL Analysis                               *
=========================================================================
Analyzing Entity <ALU> in library <work> (Architecture <arqalu>).
Entity <ALU> analyzed. Unit <ALU> generated.


=========================================================================
*                           HDL Synthesis                               *
=========================================================================

Performing bidirectional port resolution...

Synthesizing Unit <ALU>.
    Related source file is "E:/Arquitectura Computadores/sparcv8/ALU.vhd".
    Found 32-bit addsub for signal <Alu_out$addsub0000>.
    Found 32-bit xor2 for signal <Alu_out$xor0000> created at line 67.
    Summary:
	inferred   1 Adder/Subtractor(s).
Unit <ALU> synthesized.

INFO:Xst:1767 - HDL ADVISOR - Resource sharing has identified that some arithmetic operations in this design can share the same physical resources for reduced device utilization. For improved clock frequency you may try to disable resource sharing.

=========================================================================
HDL Synthesis Report

Macro Statistics
# Adders/Subtractors                                   : 1
 32-bit addsub                                         : 1
# Xors                                                 : 1
 32-bit xor2                                           : 1

=========================================================================

=========================================================================
*                       Advanced HDL Synthesis                          *
=========================================================================


=========================================================================
Advanced HDL Synthesis Report

Macro Statistics
# Adders/Subtractors                                   : 1
 32-bit addsub                                         : 1
# Xors                                                 : 1
 32-bit xor2                                           : 1

=========================================================================

=========================================================================
*                         Low Level Synthesis                           *
=========================================================================

Optimizing unit <ALU> ...

Mapping all equations...
Building and optimizing final netlist ...
Found area constraint ratio of 100 (+ 5) on block ALU, actual ratio is 17.

Final Macro Processing ...

=========================================================================
Final Register Report

Found no macro
=========================================================================

=========================================================================
*                           Partition Report                            *
=========================================================================

Partition Implementation Status
-------------------------------

  No Partitions were found in this design.

-------------------------------

=========================================================================
*                            Final Report                               *
=========================================================================
Final Results
RTL Top Level Output File Name     : ALU.ngr
Top Level Output File Name         : ALU
Output Format                      : NGC
Optimization Goal                  : Speed
Keep Hierarchy                     : No

Design Statistics
# IOs                              : 102

Cell Usage :
# BELS                             : 387
#      LUT2                        : 1
#      LUT3                        : 34
#      LUT4                        : 257
#      MUXCY                       : 31
#      MUXF5                       : 32
#      XORCY                       : 32
# IO Buffers                       : 102
#      IBUF                        : 70
#      OBUF                        : 32
=========================================================================

Device utilization summary:
---------------------------

Selected Device : 3s100evq100-4 

 Number of Slices:                      161  out of    960    16%  
 Number of 4 input LUTs:                292  out of   1920    15%  
 Number of IOs:                         102
 Number of bonded IOBs:                 102  out of     66   154% (*) 

WARNING:Xst:1336 -  (*) More than 100% of Device resources are used

---------------------------
Partition Resource Summary:
---------------------------

  No Partitions were found in this design.

---------------------------


=========================================================================
TIMING REPORT

NOTE: THESE TIMING NUMBERS ARE ONLY A SYNTHESIS ESTIMATE.
      FOR ACCURATE TIMING INFORMATION PLEASE REFER TO THE TRACE REPORT
      GENERATED AFTER PLACE-and-ROUTE.

Clock Information:
------------------
No clock signals found in this design

Asynchronous Control Signals Information:
----------------------------------------
No asynchronous control signals found in this design

Timing Summary:
---------------
Speed Grade: -4

   Minimum period: No path found
   Minimum input arrival time before clock: No path found
   Maximum output required time after clock: No path found
   Maximum combinational path delay: 17.137ns

Timing Detail:
--------------
All values displayed in nanoseconds (ns)

=========================================================================
Timing constraint: Default path analysis
  Total number of paths / destination ports: 15600 / 32
-------------------------------------------------------------------------
Delay:               17.137ns (Levels of Logic = 41)
  Source:            ALU_op<1> (PAD)
  Destination:       Alu_out<31> (PAD)

  Data Path: ALU_op<1> to Alu_out<31>
                                Gate     Net
    Cell:in->out      fanout   Delay   Delay  Logical Name (Net Name)
    ----------------------------------------  ------------
     IBUF:I->O           161   1.218   1.478  ALU_op_1_IBUF (ALU_op_1_IBUF)
     LUT3:I0->O            1   0.704   0.424  Alu_out_mux0000_SW0 (N99)
     LUT4:I3->O           33   0.704   1.298  Alu_out_mux0000 (Alu_out_mux0000)
     LUT3:I2->O            1   0.704   0.000  Maddsub_Alu_out_addsub0000_lut<0> (Maddsub_Alu_out_addsub0000_lut<0>)
     MUXCY:S->O            1   0.464   0.000  Maddsub_Alu_out_addsub0000_cy<0> (Maddsub_Alu_out_addsub0000_cy<0>)
     MUXCY:CI->O           1   0.059   0.000  Maddsub_Alu_out_addsub0000_cy<1> (Maddsub_Alu_out_addsub0000_cy<1>)
     MUXCY:CI->O           1   0.059   0.000  Maddsub_Alu_out_addsub0000_cy<2> (Maddsub_Alu_out_addsub0000_cy<2>)
     MUXCY:CI->O           1   0.059   0.000  Maddsub_Alu_out_addsub0000_cy<3> (Maddsub_Alu_out_addsub0000_cy<3>)
     MUXCY:CI->O           1   0.059   0.000  Maddsub_Alu_out_addsub0000_cy<4> (Maddsub_Alu_out_addsub0000_cy<4>)
     MUXCY:CI->O           1   0.059   0.000  Maddsub_Alu_out_addsub0000_cy<5> (Maddsub_Alu_out_addsub0000_cy<5>)
     MUXCY:CI->O           1   0.059   0.000  Maddsub_Alu_out_addsub0000_cy<6> (Maddsub_Alu_out_addsub0000_cy<6>)
     MUXCY:CI->O           1   0.059   0.000  Maddsub_Alu_out_addsub0000_cy<7> (Maddsub_Alu_out_addsub0000_cy<7>)
     MUXCY:CI->O           1   0.059   0.000  Maddsub_Alu_out_addsub0000_cy<8> (Maddsub_Alu_out_addsub0000_cy<8>)
     MUXCY:CI->O           1   0.059   0.000  Maddsub_Alu_out_addsub0000_cy<9> (Maddsub_Alu_out_addsub0000_cy<9>)
     MUXCY:CI->O           1   0.059   0.000  Maddsub_Alu_out_addsub0000_cy<10> (Maddsub_Alu_out_addsub0000_cy<10>)
     MUXCY:CI->O           1   0.059   0.000  Maddsub_Alu_out_addsub0000_cy<11> (Maddsub_Alu_out_addsub0000_cy<11>)
     MUXCY:CI->O           1   0.059   0.000  Maddsub_Alu_out_addsub0000_cy<12> (Maddsub_Alu_out_addsub0000_cy<12>)
     MUXCY:CI->O           1   0.059   0.000  Maddsub_Alu_out_addsub0000_cy<13> (Maddsub_Alu_out_addsub0000_cy<13>)
     MUXCY:CI->O           1   0.059   0.000  Maddsub_Alu_out_addsub0000_cy<14> (Maddsub_Alu_out_addsub0000_cy<14>)
     MUXCY:CI->O           1   0.059   0.000  Maddsub_Alu_out_addsub0000_cy<15> (Maddsub_Alu_out_addsub0000_cy<15>)
     MUXCY:CI->O           1   0.059   0.000  Maddsub_Alu_out_addsub0000_cy<16> (Maddsub_Alu_out_addsub0000_cy<16>)
     MUXCY:CI->O           1   0.059   0.000  Maddsub_Alu_out_addsub0000_cy<17> (Maddsub_Alu_out_addsub0000_cy<17>)
     MUXCY:CI->O           1   0.059   0.000  Maddsub_Alu_out_addsub0000_cy<18> (Maddsub_Alu_out_addsub0000_cy<18>)
     MUXCY:CI->O           1   0.059   0.000  Maddsub_Alu_out_addsub0000_cy<19> (Maddsub_Alu_out_addsub0000_cy<19>)
     MUXCY:CI->O           1   0.059   0.000  Maddsub_Alu_out_addsub0000_cy<20> (Maddsub_Alu_out_addsub0000_cy<20>)
     MUXCY:CI->O           1   0.059   0.000  Maddsub_Alu_out_addsub0000_cy<21> (Maddsub_Alu_out_addsub0000_cy<21>)
     MUXCY:CI->O           1   0.059   0.000  Maddsub_Alu_out_addsub0000_cy<22> (Maddsub_Alu_out_addsub0000_cy<22>)
     MUXCY:CI->O           1   0.059   0.000  Maddsub_Alu_out_addsub0000_cy<23> (Maddsub_Alu_out_addsub0000_cy<23>)
     MUXCY:CI->O           1   0.059   0.000  Maddsub_Alu_out_addsub0000_cy<24> (Maddsub_Alu_out_addsub0000_cy<24>)
     MUXCY:CI->O           1   0.059   0.000  Maddsub_Alu_out_addsub0000_cy<25> (Maddsub_Alu_out_addsub0000_cy<25>)
     MUXCY:CI->O           1   0.059   0.000  Maddsub_Alu_out_addsub0000_cy<26> (Maddsub_Alu_out_addsub0000_cy<26>)
     MUXCY:CI->O           1   0.059   0.000  Maddsub_Alu_out_addsub0000_cy<27> (Maddsub_Alu_out_addsub0000_cy<27>)
     MUXCY:CI->O           1   0.059   0.000  Maddsub_Alu_out_addsub0000_cy<28> (Maddsub_Alu_out_addsub0000_cy<28>)
     MUXCY:CI->O           1   0.059   0.000  Maddsub_Alu_out_addsub0000_cy<29> (Maddsub_Alu_out_addsub0000_cy<29>)
     MUXCY:CI->O           0   0.059   0.000  Maddsub_Alu_out_addsub0000_cy<30> (Maddsub_Alu_out_addsub0000_cy<30>)
     XORCY:CI->O           3   0.804   0.566  Maddsub_Alu_out_addsub0000_xor<31> (Alu_out_addsub0000<31>)
     LUT4:I2->O            1   0.704   0.000  Alu_out<31>84_SW02 (Alu_out<31>84_SW01)
     MUXF5:I0->O           1   0.321   0.424  Alu_out<31>84_SW0_f5 (N163)
     LUT4:I3->O            1   0.704   0.455  Alu_out<31>84 (Alu_out<31>84)
     LUT4:I2->O            1   0.704   0.420  Alu_out<31>185 (Alu_out_31_OBUF)
     OBUF:I->O                 3.272          Alu_out_31_OBUF (Alu_out<31>)
    ----------------------------------------
    Total                     17.137ns (12.073ns logic, 5.064ns route)
                                       (70.4% logic, 29.6% route)

=========================================================================


Total REAL time to Xst completion: 10.00 secs
Total CPU time to Xst completion: 9.55 secs
 
--> 

Total memory usage is 270544 kilobytes

Number of errors   :    0 (   0 filtered)
Number of warnings :    3 (   0 filtered)
Number of infos    :    1 (   0 filtered)

