Running: C:\Xilinx\14.7\ISE_DS\ISE\bin\nt64\unwrapped\fuse.exe -intstyle ise -incremental -o G:/Arquitectura Computadores/Procesadores/Procesador 3/sparcv8/Procesador2_TB_isim_beh.exe -prj G:/Arquitectura Computadores/Procesadores/Procesador 3/sparcv8/Procesador2_TB_beh.prj work.Procesador2_TB 
ISim P.20131013 (signature 0x7708f090)
Number of CPUs detected in this system: 8
Turning on mult-threading, number of parallel sub-compilation jobs: 16 
Determining compilation order of HDL files
Parsing VHDL file "G:/Arquitectura Computadores/Procesadores/Procesador 3/sparcv8/UC.vhd" into library work
Parsing VHDL file "G:/Arquitectura Computadores/Procesadores/Procesador 3/sparcv8/Sumador.vhd" into library work
Parsing VHDL file "G:/Arquitectura Computadores/Procesadores/Procesador 3/sparcv8/SEU.vhd" into library work
Parsing VHDL file "G:/Arquitectura Computadores/Procesadores/Procesador 3/sparcv8/RegisterFile.vhd" into library work
Parsing VHDL file "G:/Arquitectura Computadores/Procesadores/Procesador 3/sparcv8/PSR_Modifier.vhd" into library work
Parsing VHDL file "G:/Arquitectura Computadores/Procesadores/Procesador 3/sparcv8/PSR.vhd" into library work
Parsing VHDL file "G:/Arquitectura Computadores/Procesadores/Procesador 3/sparcv8/PC.vhd" into library work
Parsing VHDL file "G:/Arquitectura Computadores/Procesadores/Procesador 3/sparcv8/nPC.vhd" into library work
Parsing VHDL file "G:/Arquitectura Computadores/Procesadores/Procesador 3/sparcv8/Mux.vhd" into library work
Parsing VHDL file "G:/Arquitectura Computadores/Procesadores/Procesador 3/sparcv8/IntructionMemory.vhd" into library work
Parsing VHDL file "G:/Arquitectura Computadores/Procesadores/Procesador 3/sparcv8/ALU.vhd" into library work
Parsing VHDL file "G:/Arquitectura Computadores/Procesadores/Procesador 3/sparcv8/Procesador2.vhd" into library work
Parsing VHDL file "G:/Arquitectura Computadores/Procesadores/Procesador 3/sparcv8/Procesador2_TB.vhd" into library work
Starting static elaboration
WARNING:HDLCompiler:1196 - "G:/Arquitectura Computadores/Procesadores/Procesador 3/sparcv8/IntructionMemory.vhd" Line 55: Readline called past the end of file romfile
Completed static elaboration
Compiling package standard
Compiling package std_logic_1164
Compiling package std_logic_arith
Compiling package std_logic_unsigned
Compiling package textio
Compiling architecture arqsumador of entity Sumador [sumador_default]
Compiling architecture arqnpc of entity nPC [npc_default]
Compiling architecture arqpc of entity PC [pc_default]
Compiling architecture arqim of entity IntructionMemory [intructionmemory_default]
Compiling architecture arquc of entity UC [uc_default]
Compiling architecture arqrf of entity RegisterFile [registerfile_default]
Compiling architecture arqmux of entity Mux [mux_default]
Compiling architecture arqseu of entity SEU [seu_default]
Compiling architecture arqalu of entity ALU [alu_default]
Compiling architecture arq_psrmodifier of entity PSR_Modifier [psr_modifier_default]
Compiling architecture arq_psr of entity PSR [psr_default]
Compiling architecture arq_procesador2 of entity Procesador2 [procesador2_default]
Compiling architecture behavior of entity procesador2_tb
Time Resolution for simulation is 1ps.
Waiting for 1 sub-compilation(s) to finish...
Compiled 30 VHDL Units
Built simulation executable G:/Arquitectura Computadores/Procesadores/Procesador 3/sparcv8/Procesador2_TB_isim_beh.exe
Fuse Memory Usage: 34884 KB
Fuse CPU Usage: 968 ms
