Command line:
   Procesador2_TB_isim_beh.exe
     -simmode  gui
     -simrunnum  1
     -socket  54750

Fri Apr 28 13:26:48 2017


 Elaboration Time: 0.109375 sec

 Current Memory Usage: 374.714 Meg

 Total Signals          : 66
 Total Nets             : 1773
 Total Signal Drivers   : 16
 Total Blocks           : 17
 Total Primitive Blocks : 15
 Total Processes        : 14
 Total Traceable Variables  : 11
 Total Scalar Nets and Variables : 2152
Total Line Count : 105
In process IntructionMemory.vhd:65 
 

 Total Simulation Time: 0.109375 sec

 Current Memory Usage: 374.714 Meg

Fri Apr 28 13:26:56 2017

