Command line:
   Procesador2_TB_isim_beh.exe
     -simmode  gui
     -simrunnum  0
     -socket  51266

Fri May 05 23:41:55 2017


 Elaboration Time: 0.078125 sec

 Current Memory Usage: 846.782 Meg

 Total Signals          : 88
 Total Nets             : 3749
 Total Signal Drivers   : 25
 Total Blocks           : 18
 Total Primitive Blocks : 16
 Total Processes        : 19
 Total Traceable Variables  : 11
 Total Scalar Nets and Variables : 4128
Total Line Count : 145

 Total Simulation Time: 0.203125 sec

 Current Memory Usage: 846.782 Meg

Fri May 05 23:42:08 2017

